[INFO] Scanning for projects...
[INFO]                                                                         
[INFO] ------------------------------------------------------------------------
[INFO] Building selenium-test-demo 0.0.1-SNAPSHOT
[INFO] ------------------------------------------------------------------------
[INFO] 
[INFO] --- maven-clean-plugin:2.5:clean (default-clean) @ selenium ---
[INFO] Deleting C:\Users\Default\workspace\selenium\target
[INFO] 
[INFO] --- maven-resources-plugin:2.6:resources (default-resources) @ selenium ---
[WARNING] Using platform encoding (Cp1252 actually) to copy filtered resources, i.e. build is platform dependent!
[INFO] Copying 0 resource
[INFO] 
[INFO] --- maven-compiler-plugin:3.1:compile (default-compile) @ selenium ---
[INFO] Changes detected - recompiling the module!
[WARNING] File encoding has not been set, using platform encoding Cp1252, i.e. build is platform dependent!
[INFO] Compiling 2 source files to C:\Users\Default\workspace\selenium\target\classes
[INFO] 
[INFO] --- maven-resources-plugin:2.6:testResources (default-testResources) @ selenium ---
[WARNING] Using platform encoding (Cp1252 actually) to copy filtered resources, i.e. build is platform dependent!
[INFO] Copying 1 resource
[INFO] 
[INFO] --- maven-compiler-plugin:3.1:testCompile (default-testCompile) @ selenium ---
[INFO] Changes detected - recompiling the module!
[WARNING] File encoding has not been set, using platform encoding Cp1252, i.e. build is platform dependent!
[INFO] Compiling 4 source files to C:\Users\Default\workspace\selenium\target\test-classes
[INFO] 
[INFO] --- maven-surefire-plugin:2.19.1:test (default-test) @ selenium ---

-------------------------------------------------------
 T E S T S
-------------------------------------------------------
Running selenium.facebook.test.TestGoogleCalculator
Running selenium.facebook.test.TestGoogleCalculator2
Running selenium.facebook.test.TestGoogleCalculator3
2017-03-12 18:46:20 INFO  TestGoogleCalculator:38 - Test method:	test10
2017-03-12 18:46:20 INFO  TestGoogleCalculator:39 - Equation: 6 x 8
2017-03-12 18:46:20 INFO  TestGoogleCalculator:40 - Thread id:	1
2017-03-12 18:46:20 INFO  TestGoogleCalculator:41 - WebDriver Hash:	212683148
2017-03-12 18:46:22 INFO  TestGoogleCalculator2:37 - Test method:	test10
2017-03-12 18:46:22 INFO  TestGoogleCalculator2:38 - Equation: 4 x 5
2017-03-12 18:46:22 INFO  TestGoogleCalculator2:39 - Thread id:	1
2017-03-12 18:46:22 INFO  TestGoogleCalculator2:40 - WebDriver Hash:	212683148
2017-03-12 18:46:23 INFO  TestGoogleCalculator3:37 - Test method:	test10
2017-03-12 18:46:23 INFO  TestGoogleCalculator3:38 - Equation: 0 x 3
2017-03-12 18:46:23 INFO  TestGoogleCalculator3:39 - Thread id:	1
2017-03-12 18:46:23 INFO  TestGoogleCalculator3:40 - WebDriver Hash:	212683148
2017-03-12 18:46:27 INFO  TestGoogleCalculator:38 - Test method:	test1
2017-03-12 18:46:27 INFO  TestGoogleCalculator:39 - Equation: 5 x 2
2017-03-12 18:46:27 INFO  TestGoogleCalculator:40 - Thread id:	1
2017-03-12 18:46:27 INFO  TestGoogleCalculator:41 - WebDriver Hash:	212683148
2017-03-12 18:46:29 INFO  TestGoogleCalculator2:37 - Test method:	test1
2017-03-12 18:46:29 INFO  TestGoogleCalculator2:38 - Equation: 1 x 7
2017-03-12 18:46:29 INFO  TestGoogleCalculator2:39 - Thread id:	1
2017-03-12 18:46:29 INFO  TestGoogleCalculator2:40 - WebDriver Hash:	212683148
2017-03-12 18:46:30 INFO  TestGoogleCalculator:38 - Test method:	test2
2017-03-12 18:46:30 INFO  TestGoogleCalculator:39 - Equation: 3 x 6
2017-03-12 18:46:30 INFO  TestGoogleCalculator:40 - Thread id:	1
2017-03-12 18:46:30 INFO  TestGoogleCalculator:41 - WebDriver Hash:	212683148
2017-03-12 18:46:31 INFO  TestGoogleCalculator3:37 - Test method:	test1
2017-03-12 18:46:31 INFO  TestGoogleCalculator3:38 - Equation: 3 x 0
2017-03-12 18:46:31 INFO  TestGoogleCalculator3:39 - Thread id:	1
2017-03-12 18:46:31 INFO  TestGoogleCalculator3:40 - WebDriver Hash:	212683148
2017-03-12 18:46:33 INFO  TestGoogleCalculator2:37 - Test method:	test2
2017-03-12 18:46:33 INFO  TestGoogleCalculator2:38 - Equation: 1 x 7
2017-03-12 18:46:33 INFO  TestGoogleCalculator2:39 - Thread id:	1
2017-03-12 18:46:33 INFO  TestGoogleCalculator2:40 - WebDriver Hash:	212683148
2017-03-12 18:46:33 INFO  TestGoogleCalculator:38 - Test method:	test3
2017-03-12 18:46:33 INFO  TestGoogleCalculator:39 - Equation: 5 x 4
2017-03-12 18:46:33 INFO  TestGoogleCalculator:40 - Thread id:	1
2017-03-12 18:46:33 INFO  TestGoogleCalculator:41 - WebDriver Hash:	212683148
2017-03-12 18:46:36 INFO  TestGoogleCalculator:38 - Test method:	test4
2017-03-12 18:46:36 INFO  TestGoogleCalculator:39 - Equation: 2 x 6
2017-03-12 18:46:36 INFO  TestGoogleCalculator:40 - Thread id:	1
2017-03-12 18:46:36 INFO  TestGoogleCalculator:41 - WebDriver Hash:	212683148
2017-03-12 18:46:37 INFO  TestGoogleCalculator3:37 - Test method:	test2
2017-03-12 18:46:37 INFO  TestGoogleCalculator3:38 - Equation: 4 x 3
2017-03-12 18:46:37 INFO  TestGoogleCalculator3:39 - Thread id:	1
2017-03-12 18:46:37 INFO  TestGoogleCalculator3:40 - WebDriver Hash:	212683148
2017-03-12 18:46:39 INFO  TestGoogleCalculator:38 - Test method:	test5
2017-03-12 18:46:39 INFO  TestGoogleCalculator:39 - Equation: 1 x 8
2017-03-12 18:46:39 INFO  TestGoogleCalculator:40 - Thread id:	1
2017-03-12 18:46:39 INFO  TestGoogleCalculator:41 - WebDriver Hash:	212683148
2017-03-12 18:46:40 INFO  TestGoogleCalculator2:37 - Test method:	test3
2017-03-12 18:46:40 INFO  TestGoogleCalculator2:38 - Equation: 1 x 5
2017-03-12 18:46:40 INFO  TestGoogleCalculator2:39 - Thread id:	1
2017-03-12 18:46:40 INFO  TestGoogleCalculator2:40 - WebDriver Hash:	212683148
2017-03-12 18:46:42 INFO  TestGoogleCalculator:38 - Test method:	test6
2017-03-12 18:46:42 INFO  TestGoogleCalculator:39 - Equation: 3 x 1
2017-03-12 18:46:42 INFO  TestGoogleCalculator:40 - Thread id:	1
2017-03-12 18:46:42 INFO  TestGoogleCalculator:41 - WebDriver Hash:	212683148
2017-03-12 18:46:43 INFO  TestGoogleCalculator2:37 - Test method:	test4
2017-03-12 18:46:43 INFO  TestGoogleCalculator2:38 - Equation: 8 x 3
2017-03-12 18:46:43 INFO  TestGoogleCalculator2:39 - Thread id:	1
2017-03-12 18:46:43 INFO  TestGoogleCalculator2:40 - WebDriver Hash:	212683148
2017-03-12 18:46:44 INFO  TestGoogleCalculator3:37 - Test method:	test3
2017-03-12 18:46:44 INFO  TestGoogleCalculator3:38 - Equation: 5 x 3
2017-03-12 18:46:44 INFO  TestGoogleCalculator3:39 - Thread id:	1
2017-03-12 18:46:44 INFO  TestGoogleCalculator3:40 - WebDriver Hash:	212683148
2017-03-12 18:46:46 INFO  TestGoogleCalculator:38 - Test method:	test7
2017-03-12 18:46:46 INFO  TestGoogleCalculator:39 - Equation: 2 x 7
2017-03-12 18:46:46 INFO  TestGoogleCalculator:40 - Thread id:	1
2017-03-12 18:46:46 INFO  TestGoogleCalculator:41 - WebDriver Hash:	212683148
2017-03-12 18:46:48 INFO  TestGoogleCalculator3:37 - Test method:	test4
2017-03-12 18:46:48 INFO  TestGoogleCalculator3:38 - Equation: 5 x 1
2017-03-12 18:46:48 INFO  TestGoogleCalculator3:39 - Thread id:	1
2017-03-12 18:46:48 INFO  TestGoogleCalculator3:40 - WebDriver Hash:	212683148
2017-03-12 18:46:49 INFO  TestGoogleCalculator:38 - Test method:	test8
2017-03-12 18:46:49 INFO  TestGoogleCalculator:39 - Equation: 4 x 0
2017-03-12 18:46:49 INFO  TestGoogleCalculator:40 - Thread id:	1
2017-03-12 18:46:49 INFO  TestGoogleCalculator:41 - WebDriver Hash:	212683148
2017-03-12 18:46:51 INFO  TestGoogleCalculator2:37 - Test method:	test5
2017-03-12 18:46:51 INFO  TestGoogleCalculator2:38 - Equation: 4 x 1
2017-03-12 18:46:51 INFO  TestGoogleCalculator2:39 - Thread id:	1
2017-03-12 18:46:51 INFO  TestGoogleCalculator2:40 - WebDriver Hash:	212683148
2017-03-12 18:46:52 INFO  TestGoogleCalculator:38 - Test method:	test9
2017-03-12 18:46:52 INFO  TestGoogleCalculator:39 - Equation: 5 x 1
2017-03-12 18:46:52 INFO  TestGoogleCalculator:40 - Thread id:	1
2017-03-12 18:46:52 INFO  TestGoogleCalculator:41 - WebDriver Hash:	212683148
2017-03-12 18:46:54 INFO  TestGoogleCalculator3:37 - Test method:	test5
2017-03-12 18:46:54 INFO  TestGoogleCalculator3:38 - Equation: 1 x 8
2017-03-12 18:46:54 INFO  TestGoogleCalculator3:39 - Thread id:	1
2017-03-12 18:46:54 INFO  TestGoogleCalculator3:40 - WebDriver Hash:	212683148
2017-03-12 18:46:55 INFO  TestGoogleCalculator2:37 - Test method:	test6
2017-03-12 18:46:55 INFO  TestGoogleCalculator2:38 - Equation: 5 x 0
2017-03-12 18:46:55 INFO  TestGoogleCalculator2:39 - Thread id:	1
2017-03-12 18:46:55 INFO  TestGoogleCalculator2:40 - WebDriver Hash:	212683148
Tests run: 10, Failures: 0, Errors: 0, Skipped: 0, Time elapsed: 49.269 sec - in selenium.facebook.test.TestGoogleCalculator
Java HotSpot(TM) 64-Bit Server VM warning: ignoring option MaxPermSize=512m; support was removed in 8.0
2017-03-12 18:46:58 INFO  TestGoogleCalculator3:37 - Test method:	test6
2017-03-12 18:46:58 INFO  TestGoogleCalculator3:38 - Equation: 1 x 7
2017-03-12 18:46:58 INFO  TestGoogleCalculator3:39 - Thread id:	1
2017-03-12 18:46:58 INFO  TestGoogleCalculator3:40 - WebDriver Hash:	212683148
2017-03-12 18:47:00 INFO  TestGoogleCalculator2:37 - Test method:	test7
2017-03-12 18:47:00 INFO  TestGoogleCalculator2:38 - Equation: 7 x 8
2017-03-12 18:47:00 INFO  TestGoogleCalculator2:39 - Thread id:	1
2017-03-12 18:47:00 INFO  TestGoogleCalculator2:40 - WebDriver Hash:	212683148
2017-03-12 18:47:01 INFO  TestGoogleCalculator3:37 - Test method:	test7
2017-03-12 18:47:01 INFO  TestGoogleCalculator3:38 - Equation: 7 x 4
2017-03-12 18:47:01 INFO  TestGoogleCalculator3:39 - Thread id:	1
2017-03-12 18:47:01 INFO  TestGoogleCalculator3:40 - WebDriver Hash:	212683148
2017-03-12 18:47:03 INFO  TestGoogleCalculator2:37 - Test method:	test8
2017-03-12 18:47:03 INFO  TestGoogleCalculator2:38 - Equation: 8 x 7
2017-03-12 18:47:03 INFO  TestGoogleCalculator2:39 - Thread id:	1
2017-03-12 18:47:03 INFO  TestGoogleCalculator2:40 - WebDriver Hash:	212683148
2017-03-12 18:47:08 INFO  TestGoogleCalculator3:37 - Test method:	test8
2017-03-12 18:47:08 INFO  TestGoogleCalculator3:38 - Equation: 8 x 6
2017-03-12 18:47:08 INFO  TestGoogleCalculator3:39 - Thread id:	1
2017-03-12 18:47:08 INFO  TestGoogleCalculator3:40 - WebDriver Hash:	212683148
2017-03-12 18:47:08 INFO  TestGoogleCalculator2:37 - Test method:	test9
2017-03-12 18:47:08 INFO  TestGoogleCalculator2:38 - Equation: 4 x 5
2017-03-12 18:47:08 INFO  TestGoogleCalculator2:39 - Thread id:	1
2017-03-12 18:47:08 INFO  TestGoogleCalculator2:40 - WebDriver Hash:	212683148
2017-03-12 18:47:15 INFO  TestGoogleCalculator3:37 - Test method:	test9
2017-03-12 18:47:15 INFO  TestGoogleCalculator3:38 - Equation: 8 x 7
2017-03-12 18:47:15 INFO  TestGoogleCalculator3:39 - Thread id:	1
2017-03-12 18:47:15 INFO  TestGoogleCalculator3:40 - WebDriver Hash:	212683148
Tests run: 10, Failures: 0, Errors: 0, Skipped: 0, Time elapsed: 68.017 sec - in selenium.facebook.test.TestGoogleCalculator2
Java HotSpot(TM) 64-Bit Server VM warning: ignoring option MaxPermSize=512m; support was removed in 8.0
Tests run: 10, Failures: 0, Errors: 0, Skipped: 0, Time elapsed: 71.496 sec - in selenium.facebook.test.TestGoogleCalculator3
Java HotSpot(TM) 64-Bit Server VM warning: ignoring option MaxPermSize=512m; support was removed in 8.0

Results :

Tests run: 30, Failures: 0, Errors: 0, Skipped: 0

[INFO] ------------------------------------------------------------------------
[INFO] BUILD SUCCESS
[INFO] ------------------------------------------------------------------------
[INFO] Total time: 01:17 min
[INFO] Finished at: 2017-03-12T18:47:19-04:00
[INFO] Final Memory: 18M/137M
[INFO] ------------------------------------------------------------------------
